<?xml version="1.0" encoding="UTF-8"?>
<!-- Generated by org.testng.reporters.JUnitReportReporter -->
<testsuite hostname="DESKTOP-R1NCR26" failures="0" tests="2" name="com.Google.GoogleTitleAndLogoTest" time="14.888" errors="0" timestamp="2022-03-27T08:13:49 GMT-05:00" skipped="0">
  <testcase classname="com.Google.GoogleTitleAndLogoTest" name="googleTitleTest" time="6.922"/>
  <system-out/>
  <testcase classname="com.Google.GoogleTitleAndLogoTest" name="googleLogoTest" time="7.966"/>
  <system-out/>
</testsuite> <!-- com.Google.GoogleTitleAndLogoTest -->
