<?xml version="1.0" encoding="UTF-8"?>
<!-- Generated by org.testng.reporters.JUnitReportReporter -->
<testsuite skipped="0" hostname="DESKTOP-R1NCR26" name="com.Google.GoogleTitleAndLogoTest" tests="2" failures="0" timestamp="2022-03-29T01:39:02 GMT-05:00" time="30.971" errors="0">
  <testcase name="googleLogoTest" time="19.513" classname="com.Google.GoogleTitleAndLogoTest"/>
  <system-out/>
  <testcase name="googleTitleTest" time="11.458" classname="com.Google.GoogleTitleAndLogoTest"/>
  <system-out/>
</testsuite> <!-- com.Google.GoogleTitleAndLogoTest -->
