<?xml version="1.0" encoding="UTF-8"?>
<!-- Generated by org.testng.reporters.JUnitReportReporter -->
<testsuite skipped="0" hostname="DESKTOP-R1NCR26" name="com.Google.GoogleTitleAndLogoTest" tests="2" failures="0" timestamp="2022-03-27T08:55:34 GMT-05:00" time="21.028" errors="0">
  <testcase name="googleTitleTest" time="13.455" classname="com.Google.GoogleTitleAndLogoTest"/>
  <system-out/>
  <testcase name="googleLogoTest" time="7.573" classname="com.Google.GoogleTitleAndLogoTest"/>
  <system-out/>
</testsuite> <!-- com.Google.GoogleTitleAndLogoTest -->
